<?xml version="1.0" encoding="UTF-8"?>
<!-- Generated by org.testng.reporters.JUnitReportReporter -->
<testsuite hostname="DESKTOP-DNMF2C6" failures="0" tests="2" name="qaclickacademy.RestApiTest" time="0.013" errors="0" timestamp="2022-12-30T13:53:21 IST" skipped="0">
  <testcase classname="qaclickacademy.RestApiTest" name="deleteTwitter" time="0.011"/>
  <system-out/>
  <testcase classname="qaclickacademy.RestApiTest" name="postJira" time="0.002"/>
  <system-out/>
</testsuite> <!-- qaclickacademy.RestApiTest -->
